<?xml version="1.0" encoding="UTF-8"?>
<!-- Generated by org.testng.reporters.JUnitReportReporter -->
<testsuite hostname="Shubhams-MacBook-Air.local" failures="0" tests="4" name="api.test.UserTests2" time="9.412" errors="0" timestamp="2023-09-17T20:33:38 IST" skipped="0">
  <testcase classname="api.test.UserTests2" name="testPostUser" time="3.821"/>
  <system-out/>
  <testcase classname="api.test.UserTests2" name="testGetUserByName" time="1.544"/>
  <system-out/>
  <testcase classname="api.test.UserTests2" name="testUpdateUserByName" time="2.709"/>
  <system-out/>
  <testcase classname="api.test.UserTests2" name="testDeleteUserByName" time="1.338"/>
  <system-out/>
</testsuite> <!-- api.test.UserTests2 -->
