<?xml version="1.0" encoding="UTF-8"?>
<!-- Generated by org.testng.reporters.JUnitReportReporter -->
<testsuite hostname="Shubhams-MacBook-Air.local" failures="0" tests="4" name="api.test.UserTests" time="12.383" errors="0" timestamp="2023-09-17T16:40:47 IST" skipped="0">
  <testcase classname="api.test.UserTests" name="testPostUser" time="4.339"/>
  <system-out/>
  <testcase classname="api.test.UserTests" name="testGetUserByName" time="2.274"/>
  <system-out/>
  <testcase classname="api.test.UserTests" name="testUpdateUserByName" time="4.009"/>
  <system-out/>
  <testcase classname="api.test.UserTests" name="testDeleteUserByName" time="1.761"/>
  <system-out/>
</testsuite> <!-- api.test.UserTests -->
