<?xml version="1.0" encoding="UTF-8"?>
<!-- Generated by org.testng.reporters.JUnitReportReporter -->
<testsuite hostname="Shubhams-MacBook-Air.local" failures="0" tests="4" name="api.test.UserTests2" time="12.311" errors="0" timestamp="2023-09-20T20:54:13 IST" skipped="0">
  <testcase classname="api.test.UserTests2" name="testPostUser" time="5.451"/>
  <system-out/>
  <testcase classname="api.test.UserTests2" name="testGetUserByName" time="1.817"/>
  <system-out/>
  <testcase classname="api.test.UserTests2" name="testUpdateUserByName" time="3.406"/>
  <system-out/>
  <testcase classname="api.test.UserTests2" name="testDeleteUserByName" time="1.637"/>
  <system-out/>
</testsuite> <!-- api.test.UserTests2 -->
